Flow report for MULTIPLEXADOR_4_OPCOES
Fri Oct 26 18:11:30 2018
Quartus Prime Version 18.1.0 Build 625 09/12/2018 SJ Lite Edition


---------------------
; Table of Contents ;
---------------------
  1. Legal Notice
  2. Flow Summary
  3. Flow Settings
  4. Flow Non-Default Global Settings
  5. Flow Elapsed Time
  6. Flow OS Summary
  7. Flow Log
  8. Flow Messages
  9. Flow Suppressed Messages



----------------
; Legal Notice ;
----------------
Copyright (C) 2018  Intel Corporation. All rights reserved.
Your use of Intel Corporation's design tools, logic functions 
and other software and tools, and its AMPP partner logic 
functions, and any output files from any of the foregoing 
(including device programming or simulation files), and any 
associated documentation or information are expressly subject 
to the terms and conditions of the Intel Program License 
Subscription Agreement, the Intel Quartus Prime License Agreement,
the Intel FPGA IP License Agreement, or other applicable license
agreement, including, without limitation, that your use is for
the sole purpose of programming logic devices manufactured by
Intel and sold by Intel or its authorized distributors.  Please
refer to the applicable agreement for further details.



+-------------------------------------------------------------------------------+
; Flow Summary                                                                  ;
+---------------------------------+---------------------------------------------+
; Flow Status                     ; Successful - Fri Oct 26 18:11:30 2018       ;
; Quartus Prime Version           ; 18.1.0 Build 625 09/12/2018 SJ Lite Edition ;
; Revision Name                   ; MULTIPLEXADOR_4_OPCOES                      ;
; Top-level Entity Name           ; MULTIPLEXADOR_16BITS                        ;
; Family                          ; Cyclone V                                   ;
; Device                          ; 5CGXFC7C7F23C8                              ;
; Timing Models                   ; Final                                       ;
; Logic utilization (in ALMs)     ; N/A                                         ;
; Total registers                 ; 0                                           ;
; Total pins                      ; 82                                          ;
; Total virtual pins              ; 0                                           ;
; Total block memory bits         ; 0                                           ;
; Total DSP Blocks                ; 0                                           ;
; Total HSSI RX PCSs              ; 0                                           ;
; Total HSSI PMA RX Deserializers ; 0                                           ;
; Total HSSI TX PCSs              ; 0                                           ;
; Total HSSI PMA TX Serializers   ; 0                                           ;
; Total PLLs                      ; 0                                           ;
; Total DLLs                      ; 0                                           ;
+---------------------------------+---------------------------------------------+


+--------------------------------------------+
; Flow Settings                              ;
+-------------------+------------------------+
; Option            ; Setting                ;
+-------------------+------------------------+
; Start date & time ; 10/26/2018 17:59:17    ;
; Main task         ; Compilation            ;
; Revision Name     ; MULTIPLEXADOR_4_OPCOES ;
+-------------------+------------------------+


+-----------------------------------------------------------------------------------------------------------------------------------------------+
; Flow Non-Default Global Settings                                                                                                              ;
+-------------------------------------+----------------------------------------+------------------------+----------------------+----------------+
; Assignment Name                     ; Value                                  ; Default Value          ; Entity Name          ; Section Id     ;
+-------------------------------------+----------------------------------------+------------------------+----------------------+----------------+
; COMPILER_SIGNATURE_ID               ; 136784542347034.154059115703557        ; --                     ; --                   ; --             ;
; EDA_OUTPUT_DATA_FORMAT              ; Vhdl                                   ; --                     ; --                   ; eda_simulation ;
; EDA_SIMULATION_TOOL                 ; ModelSim-Altera (VHDL)                 ; <None>                 ; --                   ; --             ;
; EDA_TIME_SCALE                      ; 1 ps                                   ; --                     ; --                   ; eda_simulation ;
; MAX_CORE_JUNCTION_TEMP              ; 85                                     ; --                     ; --                   ; --             ;
; MIN_CORE_JUNCTION_TEMP              ; 0                                      ; --                     ; --                   ; --             ;
; PARTITION_COLOR                     ; -- (Not supported for targeted family) ; --                     ; MULTIPLEXADOR_16BITS ; Top            ;
; PARTITION_FITTER_PRESERVATION_LEVEL ; -- (Not supported for targeted family) ; --                     ; MULTIPLEXADOR_16BITS ; Top            ;
; PARTITION_NETLIST_TYPE              ; -- (Not supported for targeted family) ; --                     ; MULTIPLEXADOR_16BITS ; Top            ;
; PROJECT_OUTPUT_DIRECTORY            ; output_files                           ; --                     ; --                   ; --             ;
; TOP_LEVEL_ENTITY                    ; MULTIPLEXADOR_16BITS                   ; MULTIPLEXADOR_4_OPCOES ; --                   ; --             ;
+-------------------------------------+----------------------------------------+------------------------+----------------------+----------------+


+--------------------------------------------------------------------------------------------------------------------------+
; Flow Elapsed Time                                                                                                        ;
+----------------------+--------------+-------------------------+---------------------+------------------------------------+
; Module Name          ; Elapsed Time ; Average Processors Used ; Peak Virtual Memory ; Total CPU Time (on all processors) ;
+----------------------+--------------+-------------------------+---------------------+------------------------------------+
; Analysis & Synthesis ; 00:00:15     ; 1.0                     ; 1022 MB             ; 00:00:29                           ;
; EDA Netlist Writer   ; 00:00:00     ; 1.0                     ; 1122 MB             ; 00:00:01                           ;
; EDA Netlist Writer   ; 00:00:01     ; 1.0                     ; 1127 MB             ; 00:00:01                           ;
; Total                ; 00:00:16     ; --                      ; --                  ; 00:00:31                           ;
+----------------------+--------------+-------------------------+---------------------+------------------------------------+


+------------------------------------------------------------------------------------+
; Flow OS Summary                                                                    ;
+----------------------+------------------+------------+------------+----------------+
; Module Name          ; Machine Hostname ; OS Name    ; OS Version ; Processor type ;
+----------------------+------------------+------------+------------+----------------+
; Analysis & Synthesis ; junior           ; Linux Mint ; 19         ; x86_64         ;
; EDA Netlist Writer   ; junior           ; Linux Mint ; 19         ; x86_64         ;
; EDA Netlist Writer   ; junior           ; Linux Mint ; 19         ; x86_64         ;
+----------------------+------------------+------------+------------+----------------+


------------
; Flow Log ;
------------
quartus_map --read_settings_files=on --write_settings_files=off MULTIPLEXADOR_4_OPCOES -c MULTIPLEXADOR_4_OPCOES
quartus_eda --gen_testbench --tool=modelsim_oem --format=vhdl --write_settings_files=off MULTIPLEXADOR_4_OPCOES -c MULTIPLEXADOR_4_OPCOES --vector_source="/home/junior/Documentos/Quartus_VHDL/Laboratorio VHDL/MULTIPLEXADOR_4_OPCOES/Waveform.vwf" --testbench_file="/home/junior/Documentos/Quartus_VHDL/Laboratorio VHDL/MULTIPLEXADOR_4_OPCOES/simulation/qsim/Waveform.vwf.vht"
quartus_eda --write_settings_files=off --simulation=on --functional=on --flatten_buses=off --tool=modelsim_oem --format=vhdl --output_directory="/home/junior/Documentos/Quartus_VHDL/Laboratorio VHDL/MULTIPLEXADOR_4_OPCOES/simulation/qsim/" MULTIPLEXADOR_4_OPCOES -c MULTIPLEXADOR_4_OPCOES



